<?xml version="1.0" encoding="UTF-8"?>
<!-- Generated by org.testng.reporters.JUnitXMLReporter -->
<testsuite ignored="0" hostname="LAPTOP-UMNQ9J4O" failures="1" tests="1" name="Test" time="7.615" errors="0" timestamp="2023-04-27T13:01:49 IST">
  <testcase classname="Test_script.Logun_Script" name="test1" time="1.209">
    <failure type="java.lang.AssertionError" message="null">
      <![CDATA[java.lang.AssertionError: null
at Test_script.Logun_Script.test1(Logun_Script.java:21)
at java.base/java.util.ArrayList.forEach(ArrayList.java:1511)
... Removed 29 stack frames]]>
    </failure>
  </testcase> <!-- test1 -->
</testsuite> <!-- Test -->
